2025-08-07 22:05:59 INFO  com.chatting.poc.PocApplication - Starting PocApplication using Java 21.0.6 with PID 22708 (D:\PG_MANAGEMENT_SYSTEMS FULL STACK PROJECT\Chatting POC\poc\target\classes started by Supai Infotech in D:\PG_MANAGEMENT_SYSTEMS FULL STACK PROJECT\Chatting POC\poc)
2025-08-07 22:05:59 INFO  com.chatting.poc.PocApplication - No active profile set, falling back to 1 default profile: "default"
2025-08-07 22:05:59 INFO  o.s.b.d.e.DevToolsPropertyDefaultsPostProcessor - Devtools property defaults active! Set 'spring.devtools.add-properties' to 'false' to disable
2025-08-07 22:05:59 INFO  o.s.b.d.e.DevToolsPropertyDefaultsPostProcessor - For additional web related logging consider setting the 'logging.level.web' property to 'DEBUG'
2025-08-07 22:06:01 INFO  o.s.d.r.c.RepositoryConfigurationDelegate - Bootstrapping Spring Data JPA repositories in DEFAULT mode.
2025-08-07 22:06:01 INFO  o.s.d.r.c.RepositoryConfigurationDelegate - Finished Spring Data repository scanning in 71 ms. Found 1 JPA repository interface.
2025-08-07 22:06:02 INFO  o.s.b.w.e.tomcat.TomcatWebServer - Tomcat initialized with port 8080 (http)
2025-08-07 22:06:02 INFO  o.a.coyote.http11.Http11NioProtocol - Initializing ProtocolHandler ["http-nio-8080"]
2025-08-07 22:06:02 INFO  o.a.catalina.core.StandardService - Starting service [Tomcat]
2025-08-07 22:06:02 INFO  o.a.catalina.core.StandardEngine - Starting Servlet engine: [Apache Tomcat/10.1.43]
2025-08-07 22:06:02 INFO  o.a.c.c.C.[Tomcat].[localhost].[/] - Initializing Spring embedded WebApplicationContext
2025-08-07 22:06:02 INFO  o.s.b.w.s.c.ServletWebServerApplicationContext - Root WebApplicationContext: initialization completed in 2816 ms
2025-08-07 22:06:03 INFO  o.h.jpa.internal.util.LogHelper - HHH000204: Processing PersistenceUnitInfo [name: default]
2025-08-07 22:06:03 INFO  org.hibernate.Version - HHH000412: Hibernate ORM core version 6.6.22.Final
2025-08-07 22:06:03 INFO  o.h.c.i.RegionFactoryInitiator - HHH000026: Second-level cache disabled
2025-08-07 22:06:03 INFO  o.s.o.j.p.SpringPersistenceUnitInfo - No LoadTimeWeaver setup: ignoring JPA class transformer
2025-08-07 22:06:03 INFO  com.zaxxer.hikari.HikariDataSource - HikariPool-1 - Starting...
2025-08-07 22:06:03 INFO  com.zaxxer.hikari.pool.HikariPool - HikariPool-1 - Added connection org.postgresql.jdbc.PgConnection@71a7b389
2025-08-07 22:06:03 INFO  com.zaxxer.hikari.HikariDataSource - HikariPool-1 - Start completed.
2025-08-07 22:06:04 WARN  org.hibernate.orm.deprecation - HHH90000025: PostgreSQLDialect does not need to be specified explicitly using 'hibernate.dialect' (remove the property setting and it will be selected by default)
2025-08-07 22:06:04 INFO  o.hibernate.orm.connections.pooling - HHH10001005: Database info:
	Database JDBC URL [Connecting through datasource 'HikariDataSource (HikariPool-1)']
	Database driver: undefined/unknown
	Database version: 17.5
	Autocommit mode: undefined/unknown
	Isolation level: undefined/unknown
	Minimum pool size: undefined/unknown
	Maximum pool size: undefined/unknown
2025-08-07 22:06:05 INFO  o.h.e.t.j.p.i.JtaPlatformInitiator - HHH000489: No JTA platform available (set 'hibernate.transaction.jta.platform' to enable JTA platform integration)
2025-08-07 22:06:05 INFO  o.s.o.j.LocalContainerEntityManagerFactoryBean - Initialized JPA EntityManagerFactory for persistence unit 'default'
2025-08-07 22:06:05 WARN  o.s.b.a.o.j.JpaBaseConfiguration$JpaWebConfiguration - spring.jpa.open-in-view is enabled by default. Therefore, database queries may be performed during view rendering. Explicitly configure spring.jpa.open-in-view to disable this warning
2025-08-07 22:06:06 WARN  o.s.b.a.s.s.UserDetailsServiceAutoConfiguration - 

Using generated security password: 37b328fc-e1f7-41be-b2c9-87029477513c

This generated password is for development use only. Your security configuration must be updated before running your application in production.

2025-08-07 22:06:06 INFO  o.s.s.c.a.a.c.InitializeUserDetailsBeanManagerConfigurer$InitializeUserDetailsManagerConfigurer - Global AuthenticationManager configured with UserDetailsService bean with name inMemoryUserDetailsManager
2025-08-07 22:06:06 INFO  o.s.b.d.a.OptionalLiveReloadServer - LiveReload server is running on port 35729
2025-08-07 22:06:06 INFO  o.s.m.s.b.SimpleBrokerMessageHandler - Starting...
2025-08-07 22:06:06 INFO  o.s.m.s.b.SimpleBrokerMessageHandler - BrokerAvailabilityEvent[available=true, SimpleBrokerMessageHandler [org.springframework.messaging.simp.broker.DefaultSubscriptionRegistry@3c8f10aa]]
2025-08-07 22:06:06 INFO  o.s.m.s.b.SimpleBrokerMessageHandler - Started.
2025-08-07 22:06:06 INFO  o.a.coyote.http11.Http11NioProtocol - Starting ProtocolHandler ["http-nio-8080"]
2025-08-07 22:06:06 INFO  o.s.b.w.e.tomcat.TomcatWebServer - Tomcat started on port 8080 (http) with context path '/'
2025-08-07 22:06:06 INFO  com.chatting.poc.PocApplication - Started PocApplication in 8.262 seconds (process running for 9.116)
2025-08-07 22:06:18 INFO  o.a.tomcat.util.http.parser.Cookie - A cookie header was received [g_state={"i_l":0}] that contained an invalid cookie. That cookie will be ignored.
 Note: further occurrences of this error will be logged at DEBUG level.
2025-08-07 22:06:18 INFO  o.a.tomcat.util.http.parser.Cookie - A cookie header was received [g_state={"i_l":0}] that contained an invalid cookie. That cookie will be ignored.
 Note: further occurrences of this error will be logged at DEBUG level.
2025-08-07 22:06:18 INFO  o.a.c.c.C.[Tomcat].[localhost].[/] - Initializing Spring DispatcherServlet 'dispatcherServlet'
2025-08-07 22:06:18 INFO  o.s.web.servlet.DispatcherServlet - Initializing Servlet 'dispatcherServlet'
2025-08-07 22:06:18 INFO  o.s.web.servlet.DispatcherServlet - Completed initialization in 0 ms
2025-08-07 22:06:27 INFO  c.c.p.C.ChatHistoryController - Reading Chatting Histry Sender: sid and Reciver: o : 
2025-08-07 22:06:27 INFO  c.c.p.C.ChatHistoryController - Reading Chatting Histry Sender: sid and Reciver: ow : 
2025-08-07 22:06:27 INFO  c.c.p.C.ChatHistoryController - Reading Chatting Histry Sender: sid and Reciver: own : 
2025-08-07 22:06:27 INFO  c.c.p.C.ChatHistoryController - Entire Histry From Above Sender and Reciver: 
2025-08-07 22:06:27 INFO  c.c.p.C.ChatHistoryController - Entire Histry From Above Sender and Reciver: 
2025-08-07 22:06:27 INFO  c.c.p.C.ChatHistoryController - Entire Histry From Above Sender and Reciver: 
2025-08-07 22:06:27 INFO  c.c.p.C.ChatHistoryController - Reading Chatting Histry Sender: sid and Reciver: owne : 
2025-08-07 22:06:27 INFO  c.c.p.C.ChatHistoryController - Entire Histry From Above Sender and Reciver: 
2025-08-07 22:06:27 INFO  c.c.p.C.ChatHistoryController - Reading Chatting Histry Sender: sid and Reciver: owner : 
2025-08-07 22:06:27 INFO  c.c.p.C.ChatHistoryController - Entire Histry From Above Sender and Reciver: 
2025-08-07 22:07:06 INFO  o.s.w.s.c.WebSocketMessageBrokerStats - WebSocketSession[2 current WS(2)-HttpStream(0)-HttpPoll(0), 10 total, 0 closed abnormally (0 connect failure, 0 send limit, 0 transport error)], stompSubProtocol[processed CONNECT(9)-CONNECTED(9)-DISCONNECT(8)], stompBrokerRelay[null], inboundChannel[pool size = 16, active threads = 0, queued tasks = 0, completed tasks = 102], outboundChannel[pool size = 16, active threads = 0, queued tasks = 0, completed tasks = 25], sockJsScheduler[pool size = 8, active threads = 1, queued tasks = 3, completed tasks = 12]
